Using pre-set license
Built from '2021.3/staging' branch; Version is '2021.3.3f1 (af2e63e8f9bd) revision 11480675'; Using compiler version '192829333'; Build Type 'Release'
OS: 'Windows 11  (10.0.22621) 64bit Core' Language: 'es' Physical Memory: 32588 MB
BatchMode: 1, IsHumanControllingUs: 0, StartBugReporterOnCrash: 0, Is64bit: 1, IsPro: 1

COMMAND LINE ARGUMENTS:
C:\Program Files\Unity\Hub\Editor\2021.3.3f1\Editor\Unity.exe
-adb2
-batchMode
-noUpm
-name
AssetImportWorker0
-projectPath
C:/Users/fidel/Documents/octavo semestre/trabajo 3d
-logFile
Logs/AssetImportWorker0.log
-srvPort
60607
Successfully changed project path to: C:/Users/fidel/Documents/octavo semestre/trabajo 3d
C:/Users/fidel/Documents/octavo semestre/trabajo 3d
[UnityMemory] Configuration Parameters - Can be set up in boot.config
    "memorysetup-bucket-allocator-granularity=16"
    "memorysetup-bucket-allocator-bucket-count=8"
    "memorysetup-bucket-allocator-block-size=33554432"
    "memorysetup-bucket-allocator-block-count=8"
    "memorysetup-main-allocator-block-size=16777216"
    "memorysetup-thread-allocator-block-size=16777216"
    "memorysetup-gfx-main-allocator-block-size=16777216"
    "memorysetup-gfx-thread-allocator-block-size=16777216"
    "memorysetup-cache-allocator-block-size=4194304"
    "memorysetup-typetree-allocator-block-size=2097152"
    "memorysetup-profiler-bucket-allocator-granularity=16"
    "memorysetup-profiler-bucket-allocator-bucket-count=8"
    "memorysetup-profiler-bucket-allocator-block-size=33554432"
    "memorysetup-profiler-bucket-allocator-block-count=8"
    "memorysetup-profiler-allocator-block-size=16777216"
    "memorysetup-profiler-editor-allocator-block-size=1048576"
    "memorysetup-temp-allocator-size-main=16777216"
    "memorysetup-job-temp-allocator-block-size=2097152"
    "memorysetup-job-temp-allocator-block-size-background=1048576"
    "memorysetup-job-temp-allocator-reduction-small-platforms=262144"
    "memorysetup-temp-allocator-size-background-worker=32768"
    "memorysetup-temp-allocator-size-job-worker=262144"
    "memorysetup-temp-allocator-size-preload-manager=33554432"
    "memorysetup-temp-allocator-size-nav-mesh-worker=65536"
    "memorysetup-temp-allocator-size-audio-worker=65536"
    "memorysetup-temp-allocator-size-cloud-worker=32768"
    "memorysetup-temp-allocator-size-gi-baking-worker=262144"
    "memorysetup-temp-allocator-size-gfx=262144"
Refreshing native plugins compatible for Editor in 91.46 ms, found 3 plugins.
Preloading 0 native plugins for Editor in 0.00 ms.
Initialize engine version: 2021.3.3f1 (af2e63e8f9bd)
[Subsystems] Discovering subsystems at path C:/Program Files/Unity/Hub/Editor/2021.3.3f1/Editor/Data/Resources/UnitySubsystems
[Subsystems] Discovering subsystems at path C:/Users/fidel/Documents/octavo semestre/trabajo 3d/Assets
GfxDevice: creating device client; threaded=0; jobified=0
Direct3D:
    Version:  Direct3D 11.0 [level 11.1]
    Renderer: NVIDIA GeForce GTX 1660 Ti (ID=0x2191)
    Vendor:   NVIDIA
    VRAM:     5979 MB
    Driver:   31.0.15.2849
Initialize mono
Mono path[0] = 'C:/Program Files/Unity/Hub/Editor/2021.3.3f1/Editor/Data/Managed'
Mono path[1] = 'C:/Program Files/Unity/Hub/Editor/2021.3.3f1/Editor/Data/MonoBleedingEdge/lib/mono/unityjit-win32'
Mono config path = 'C:/Program Files/Unity/Hub/Editor/2021.3.3f1/Editor/Data/MonoBleedingEdge/etc'
Using monoOptions --debugger-agent=transport=dt_socket,embedding=1,server=y,suspend=n,address=127.0.0.1:56784
Begin MonoManager ReloadAssembly
Registering precompiled unity dll's ...
Register platform support module: C:/Program Files/Unity/Hub/Editor/2021.3.3f1/Editor/Data/PlaybackEngines/WebGLSupport/UnityEditor.WebGL.Extensions.dll
Register platform support module: C:/Program Files/Unity/Hub/Editor/2021.3.3f1/Editor/Data/PlaybackEngines/WindowsStandaloneSupport/UnityEditor.WindowsStandalone.Extensions.dll
Registered in 0.006542 seconds.
Native extension for WindowsStandalone target not found
Native extension for WebGL target not found
Refreshing native plugins compatible for Editor in 85.10 ms, found 3 plugins.
Preloading 0 native plugins for Editor in 0.00 ms.
Mono: successfully reloaded assembly
- Completed reload, in  0.605 seconds
Domain Reload Profiling:
	ReloadAssembly (606ms)
		BeginReloadAssembly (73ms)
			ExecutionOrderSort (0ms)
			DisableScriptedObjects (0ms)
			BackupInstance (0ms)
			ReleaseScriptingObjects (0ms)
			CreateAndSetChildDomain (1ms)
		EndReloadAssembly (430ms)
			LoadAssemblies (70ms)
			RebuildTransferFunctionScriptingTraits (0ms)
			SetupTypeCache (98ms)
			ReleaseScriptCaches (0ms)
			RebuildScriptCaches (25ms)
			SetupLoadedEditorAssemblies (262ms)
				LogAssemblyErrors (0ms)
				InitializePlatformSupportModulesInManaged (8ms)
				SetLoadedEditorAssemblies (0ms)
				RefreshPlugins (85ms)
				BeforeProcessingInitializeOnLoad (1ms)
				ProcessInitializeOnLoadAttributes (125ms)
				ProcessInitializeOnLoadMethodAttributes (41ms)
				AfterProcessingInitializeOnLoad (0ms)
				EditorAssembliesLoaded (0ms)
			ExecutionOrderSort2 (0ms)
			AwakeInstancesAfterBackupRestoration (0ms)
Platform modules already initialized, skipping
Registering precompiled user dll's ...
Registered in 0.007013 seconds.
Begin MonoManager ReloadAssembly
Symbol file LoadedFromMemory doesn't match image C:\Users\fidel\Documents\octavo semestre\trabajo 3d\Library\PackageCache\com.unity.visualscripting@1.7.6\Editor\VisualScripting.Core\Dependencies\YamlDotNet\Unity.VisualScripting.YamlDotNet.dll
Symbol file LoadedFromMemory doesn't match image C:\Users\fidel\Documents\octavo semestre\trabajo 3d\Library\PackageCache\com.unity.visualscripting@1.7.6\Editor\VisualScripting.Core\Dependencies\DotNetZip\Unity.VisualScripting.IonicZip.dll
Native extension for WindowsStandalone target not found
Native extension for WebGL target not found
Refreshing native plugins compatible for Editor in 0.59 ms, found 3 plugins.
Preloading 0 native plugins for Editor in 0.00 ms.
Mono: successfully reloaded assembly
- Completed reload, in  1.031 seconds
Domain Reload Profiling:
	ReloadAssembly (1032ms)
		BeginReloadAssembly (115ms)
			ExecutionOrderSort (0ms)
			DisableScriptedObjects (5ms)
			BackupInstance (0ms)
			ReleaseScriptingObjects (0ms)
			CreateAndSetChildDomain (20ms)
		EndReloadAssembly (797ms)
			LoadAssemblies (87ms)
			RebuildTransferFunctionScriptingTraits (0ms)
			SetupTypeCache (291ms)
			ReleaseScriptCaches (1ms)
			RebuildScriptCaches (48ms)
			SetupLoadedEditorAssemblies (333ms)
				LogAssemblyErrors (0ms)
				InitializePlatformSupportModulesInManaged (10ms)
				SetLoadedEditorAssemblies (1ms)
				RefreshPlugins (1ms)
				BeforeProcessingInitializeOnLoad (83ms)
				ProcessInitializeOnLoadAttributes (204ms)
				ProcessInitializeOnLoadMethodAttributes (26ms)
				AfterProcessingInitializeOnLoad (9ms)
				EditorAssembliesLoaded (0ms)
			ExecutionOrderSort2 (0ms)
			AwakeInstancesAfterBackupRestoration (8ms)
Platform modules already initialized, skipping
========================================================================
Worker process is ready to serve import requests
Launched and connected shader compiler UnityShaderCompiler.exe after 0.06 seconds
Refreshing native plugins compatible for Editor in 1.06 ms, found 3 plugins.
Preloading 0 native plugins for Editor in 0.00 ms.
Unloading 3360 Unused Serialized files (Serialized files now loaded: 0)
Unloading 26 unused Assets / (112.1 KB). Loaded Objects now: 3817.
Memory consumption went from 115.7 MB to 115.5 MB.
Total: 3.704900 ms (FindLiveObjects: 0.402200 ms CreateObjectMapping: 0.391400 ms MarkObjects: 2.769300 ms  DeleteObjects: 0.141100 ms)

AssetImportParameters requested are different than current active one (requested -> active):
  custom:video-decoder-ogg-theora: a1e56fd34408186e4bbccfd4996cb3dc -> 
  custom:container-muxer-webm: aa71ff27fc2769a1b78a27578f13a17b -> 
  custom:container-demuxer-webm: 4f35f7cbe854078d1ac9338744f61a02 -> 
  custom:video-encoder-webm-vp8: eb34c28f22e8b96e1ab97ce403110664 -> 
  custom:audio-encoder-webm-vorbis: bf7c407c2cedff20999df2af8eb42d56 -> 
  custom:framework-win-MediaFoundation: 216162199b28c13a410421893ffa2e32 -> 
  custom:container-demuxer-ogg: 62fdf1f143b41e24485cea50d1cbac27 -> 
  custom:video-decoder-webm-vp8: 9c59270c3fd7afecdb556c50c9e8de78 -> 
  custom:audio-decoder-ogg-vorbis: bf7c407c2cedff20999df2af8eb42d56 -> 
========================================================================
Received Import Request.
  Time since last request: 2580.402413 seconds.
  path: Assets/Scenes
  artifactKey: Guid(6ea315d0fd7389c41b19996891e99ae3) Importer(815301076,1909f56bfc062723c751e8b465ee728b)
Start importing Assets/Scenes using Guid(6ea315d0fd7389c41b19996891e99ae3) Importer(815301076,1909f56bfc062723c751e8b465ee728b)  -> (artifact id: 'b8193726cff86800c54781cdc6d54904') in 0.006811 seconds 
========================================================================
Received Import Request.
  Time since last request: 9.286684 seconds.
  path: Assets/modelos 3d
  artifactKey: Guid(fb43f3b3612dde44fb6098c9e0523fd9) Importer(815301076,1909f56bfc062723c751e8b465ee728b)
Start importing Assets/modelos 3d using Guid(fb43f3b3612dde44fb6098c9e0523fd9) Importer(815301076,1909f56bfc062723c751e8b465ee728b)  -> (artifact id: '2e9f3a0b448f1cb28b73ae97dd242ada') in 0.002491 seconds 
========================================================================
Received Import Request.
  Time since last request: 25.356839 seconds.
  path: Assets/modelos 3d/Shell (Blue).fbx
  artifactKey: Guid(95e6ec0008dd59248976ef310e547c0f) Importer(815301076,1909f56bfc062723c751e8b465ee728b)
Start importing Assets/modelos 3d/Shell (Blue).fbx using Guid(95e6ec0008dd59248976ef310e547c0f) Importer(815301076,1909f56bfc062723c751e8b465ee728b)  -> (artifact id: '4f438a4976733eee67ed1a7c1524e523') in 0.358958 seconds 
========================================================================
Received Import Request.
  Time since last request: 20.892866 seconds.
  path: Assets/modelos 3d/Brick_Texture.png
  artifactKey: Guid(851c9923b88735d4eb02934f65405572) Importer(815301076,1909f56bfc062723c751e8b465ee728b)
Start importing Assets/modelos 3d/Brick_Texture.png using Guid(851c9923b88735d4eb02934f65405572) Importer(815301076,1909f56bfc062723c751e8b465ee728b)  -> (artifact id: '7647627714c0ac7553306fca5933c7e1') in 0.022961 seconds 
========================================================================
Received Import Request.
  Time since last request: 0.000018 seconds.
  path: Assets/modelos 3d/Mario Brick.fbx
  artifactKey: Guid(42e3817bd0ed83a4bb46d5c7a3169cea) Importer(815301076,1909f56bfc062723c751e8b465ee728b)
Start importing Assets/modelos 3d/Mario Brick.fbx using Guid(42e3817bd0ed83a4bb46d5c7a3169cea) Importer(815301076,1909f56bfc062723c751e8b465ee728b)  -> (artifact id: 'd38632ffc9ae179ad2cea1f70569bc48') in 0.214423 seconds 
========================================================================
Received Import Request.
  Time since last request: 44.173938 seconds.
  path: Assets/modelos 3d/SMO_MysteryBlock_MOD.fbx
  artifactKey: Guid(5af2d460b48613f4f802429c84756e55) Importer(815301076,1909f56bfc062723c751e8b465ee728b)
Start importing Assets/modelos 3d/SMO_MysteryBlock_MOD.fbx using Guid(5af2d460b48613f4f802429c84756e55) Importer(815301076,1909f56bfc062723c751e8b465ee728b)  -> (artifact id: 'e6173b98748dea2411b586609d30f80b') in 0.254425 seconds 
========================================================================
Received Import Request.
  Time since last request: 48.678806 seconds.
  path: Assets/modelos 3d/Coin.obj
  artifactKey: Guid(a0652497c00f38b408fbe1d02c86b700) Importer(815301076,1909f56bfc062723c751e8b465ee728b)
Start importing Assets/modelos 3d/Coin.obj using Guid(a0652497c00f38b408fbe1d02c86b700) Importer(815301076,1909f56bfc062723c751e8b465ee728b)  -> (artifact id: '22449c5e3c1092ad026e66f0dbbc05f5') in 0.030669 seconds 
========================================================================
Received Import Request.
  Time since last request: 0.000019 seconds.
  path: Assets/modelos 3d/Mystery Block & Coin.obj
  artifactKey: Guid(2fdf6250e04d4cf4987f4061214f8d15) Importer(815301076,1909f56bfc062723c751e8b465ee728b)
Start importing Assets/modelos 3d/Mystery Block & Coin.obj using Guid(2fdf6250e04d4cf4987f4061214f8d15) Importer(815301076,1909f56bfc062723c751e8b465ee728b)  -> (artifact id: '6da299494dc836528ace01772c9cdd64') in 0.177115 seconds 
Editor requested this worker to shutdown with reason: Scaling down because of idle timeout
AssetImportWorker is now disconnected from the server
Process exiting
Exiting without the bug reporter. Application will terminate with return code 0